<?xml version="1.0" encoding="UTF-8"?>
<testng-results ignored="46" total="47" passed="1" failed="0" skipped="0">
  <reporter-output>
  </reporter-output>
  <suite started-at="2023-10-10T16:26:06Z" name="Default suite" finished-at="2023-10-10T16:34:50Z" duration-ms="523263">
    <groups>
    </groups>
    <test started-at="2023-10-10T16:26:06Z" name="Default test" finished-at="2023-10-10T16:34:50Z" duration-ms="523263">
      <class name="com.qa.ecs.smoke.ConsumerTest2">
        <test-method is-config="true" signature="setup()[pri:0, instance:com.qa.ecs.smoke.ConsumerTest2@188ac8a3]" started-at="2023-10-10T16:26:06Z" name="setup" finished-at="2023-10-10T16:26:19Z" duration-ms="12705" status="PASS">
          <reporter-output>
          </reporter-output>
        </test-method> <!-- setup -->
        <test-method signature="ECS133_ValidateDisputeTransaction()[pri:0, instance:com.qa.ecs.smoke.ConsumerTest2@188ac8a3]" started-at="2023-10-10T16:26:19Z" name="ECS133_ValidateDisputeTransaction" description="Verify Dispute Transaction with and Without Provitional Credit" finished-at="2023-10-10T16:34:48Z" duration-ms="508995" status="PASS">
          <reporter-output>
          </reporter-output>
        </test-method> <!-- ECS133_ValidateDisputeTransaction -->
        <test-method is-config="true" signature="tearDown()[pri:0, instance:com.qa.ecs.smoke.ConsumerTest2@188ac8a3]" started-at="2023-10-10T16:34:48Z" name="tearDown" finished-at="2023-10-10T16:34:50Z" duration-ms="1229" status="PASS">
          <reporter-output>
          </reporter-output>
        </test-method> <!-- tearDown -->
      </class> <!-- com.qa.ecs.smoke.ConsumerTest2 -->
    </test> <!-- Default test -->
  </suite> <!-- Default suite -->
</testng-results>
